Log file: packets_2025-11-26_22-08-17.log
Started at: 2025-11-26 22:08:17
======================================================================

Found 1 JSONL file(s)
Recreate mode: will regenerate histograms for 1 newest JSONL file(s)

======================================================================
Processing: sample-monitor-0000-00-00T00-00-00.jsonl
======================================================================

Combined Histogram - Position, Device, and Environment Telemetry:

Node Name (ID)                                       Position     Device  Environment      Total
------------------------------------------------------------------------------------------------
Sample Node A [!aaaa0001]                                   1          1            1          3
Sample Node C [!cccc0003]                                   1          0            1          2
Sample Node B [!bbbb0002]                                   1          1            0          2
------------------------------------------------------------------------------------------------
TOTAL                                                       3          2            2          7 / 7 (2023-11-15 05:13:20 - 2023-11-15 05:19:20 UTC+7)

Combined histogram saved to: sample-monitor-0000-00-00T00-00-00_combined.png

======================================================================
Processing complete!
Finished at: 2025-11-26 22:08:17
======================================================================
